<?xml version="1.0" encoding="UTF-8"?>
<!-- Generated by org.testng.reporters.JUnitXMLReporter -->
<testsuite ignored="0" hostname="DESKTOP-0BQUQUT" failures="0" tests="8" name="Test" time="74.782" errors="0" timestamp="2022-08-11T13:11:52 IST">
  <testcase classname="testng.Sample" name="fgfgdf" time="1.807"/>
  <testcase classname="testng.Sample" name="jfgdf" time="4.024"/>
  <testcase classname="testng.Sample" name="fgfdf" time="4.657"/>
  <testcase classname="testng.before" name="test" time="3.01"/>
  <testcase classname="testng.NewTest" name="test" time="0.004"/>
  <testcase classname="testng.suiteTest" name="openBing" time="42.871"/>
  <testcase classname="testng.suiteTest" name="openGoole" time="2.054"/>
  <testcase classname="testng.suiteTest" name="openyahoo" time="12.731"/>
</testsuite> <!-- Test -->
