<?xml version="1.0" encoding="UTF-8"?>
<!-- Generated by org.testng.reporters.JUnitXMLReporter -->
<testsuite ignored="0" hostname="DESKTOP-0BQUQUT" failures="0" tests="5" name="testcase" time="125.813" errors="0" timestamp="2023-02-24T15:43:41 IST">
  <testcase classname="AFP_Registration_Player.player" name="login" time="44.173"/>
  <testcase classname="AFP_Registration_Player.player" name="PlayerInformation_Edit" time="38.413"/>
  <testcase classname="AFP_Registration_Player.player" name="AddressInformation_edit" time="9.422"/>
  <testcase classname="AFP_Registration_Player.player" name="MembershipInformation_Edit" time="20.831"/>
  <testcase classname="AFP_Registration_Player.player" name="ContactInformation_edit" time="1.177"/>
</testsuite> <!-- testcase -->
